-------------------------------------------------------------------------------
Test set: com.cmms.equipment.service.EquipmentServiceValidationTest
-------------------------------------------------------------------------------
Tests run: 2, Failures: 0, Errors: 1, Skipped: 0, Time elapsed: 0.671 s <<< FAILURE! -- in com.cmms.equipment.service.EquipmentServiceValidationTest
com.cmms.equipment.service.EquipmentServiceValidationTest.createEquipmentPersistsWhenDepartmentExists -- Time elapsed: 0.656 s <<< ERROR!
org.mockito.exceptions.misusing.UnnecessaryStubbingException: 

Unnecessary stubbings detected.
Clean & maintainable test code requires zero unnecessary code.
Following stubbings are unnecessary (click to navigate to relevant line of code):
  1. -> at com.cmms.equipment.service.EquipmentServiceValidationTest.createEquipmentPersistsWhenDepartmentExists(EquipmentServiceValidationTest.java:91)
  2. -> at com.cmms.equipment.service.EquipmentServiceValidationTest.createEquipmentPersistsWhenDepartmentExists(EquipmentServiceValidationTest.java:92)
Please remove unnecessary stubbings or use 'lenient' strictness. More info: javadoc for UnnecessaryStubbingException class.
	at org.mockito.junit.jupiter.MockitoExtension.afterEach(MockitoExtension.java:192)
	at java.base/java.util.ArrayList.forEach(ArrayList.java:1511)
	at java.base/java.util.ArrayList.forEach(ArrayList.java:1511)

